
**** Build of configuration Debug for project Copy of LQ_TC26xB_LIBtaskingAICTone ****

"C:\\Program Files\\TASKING\\TriCore v6.3r1\\ctc\\bin\\amk" -j4 all 
Compiling AICT_Mecanum.c
Compiling AICT_UserInit.c
Compiling Cpu0_Main.c
Compiling Cpu1_Main.c
ctc W549: ["..\src\AppSw\Tricore\APP\AICT_Mecanum.c" 99/36] condition is always true
ctc W549: ["..\src\AppSw\Tricore\APP\AICT_Mecanum.c" 101/36] condition is always true
ctc W549: ["..\src\AppSw\Tricore\APP\AICT_Mecanum.c" 103/36] condition is always true
ctc W549: ["..\src\AppSw\Tricore\APP\AICT_Mecanum.c" 105/36] condition is always true
ctc W549: ["..\src\AppSw\Tricore\APP\AICT_Mecanum.c" 139/38] condition is always true
ctc W549: ["..\src\AppSw\Tricore\APP\AICT_Mecanum.c" 152/37] condition is always true
ctc W549: ["..\src\AppSw\Tricore\APP\AICT_Mecanum.c" 165/37] condition is always true
ctc W549: ["..\src\AppSw\Tricore\APP\AICT_Mecanum.c" 178/36] condition is always true
0 errors, 8 warnings
Linking to Copy of LQ_TC26xB_LIBtaskingAICTone.elf

Time consumed: 7945 ms
**** End of build ****

Tool info: 
TASKING VX-toolset for TriCore: control program v6.3r1 Build 19041558
TASKING VX-toolset for TriCore: object linker v6.3r1 Build 19041558 SN 99293038
TASKING VX-toolset for TriCore: C compiler v6.3r1 Build 19041558 SN 99293038
TASKING VX-toolset for TriCore: assembler v6.3r1 Build 19041558
TASKING program builder v6.3r1 Build 19041558
