
**** Build of configuration Debug for project AICT-1of LQ_TC26xB_LIBtasking0512 ****

"C:\\Program Files\\TASKING\\TriCore v6.3r1\\ctc\\bin\\amk" -j4 all -a 
Compiling LQ_ADC_7Mic.c
Compiling LQ_Atom_Motor.c
Compiling LQ_CAMERA.c
Compiling LQ_EEPROM_TEST.c
Compiling LQ_FFT_TEST.c
Compiling LQ_GPIO_ExInt.c
Compiling LQ_GPIO_KEY.c
Compiling LQ_GPIO_LED.c
Compiling LQ_GPT_mini512.c
Compiling LQ_I2C_9AX.c
Compiling LQ_I2C_MPU6050.c
Compiling LQ_I2C_VL53.c
Compiling LQ_ICM20602.c
Compiling LQ_MT9V034.c
Compiling LQ_OLED096.c
Compiling LQ_RDA5807.c
Compiling LQ_STM_Timer.c
Compiling LQ_TFT18.c
Compiling LQ_Tim_InputCature.c
Compiling LQ_Tom_Servo.c
Compiling LQ_UART_Bluetooth.c
Compiling LQ_ADC.c
Compiling LQ_CCU6.c
Compiling LQ_DMA.c
Compiling LQ_EEPROM.c
Compiling LQ_EMEM.c
Compiling LQ_FFT.c
Compiling LQ_GPIO.c
Compiling LQ_GPSR.c
Compiling LQ_GPT12_ENC.c
Compiling LQ_GTM.c
Compiling LQ_QSPI.c
Compiling LQ_SOFTI2C.c
Compiling LQ_SPI.c
Compiling LQ_STM.c
Compiling LQ_UART.c
Compiling Cpu0_Main.c
Compiling Cpu1_Main.c
Compiling AICT_Mecanum.c
Compiling AICT_SimpleFunction.c
Compiling AICT_SineTable.c
Compiling AICT_UserInit.c
ctc W549: ["..\src\AppSw\Tricore\User\AICT_Mecanum.c" 99/36] condition is always true
ctc W549: ["..\src\AppSw\Tricore\User\AICT_Mecanum.c" 101/36] condition is always true
ctc W549: ["..\src\AppSw\Tricore\User\AICT_Mecanum.c" 103/36] condition is always true
ctc W549: ["..\src\AppSw\Tricore\User\AICT_Mecanum.c" 105/36] condition is always true
ctc W549: ["..\src\AppSw\Tricore\User\AICT_Mecanum.c" 139/38] condition is always true
ctc W549: ["..\src\AppSw\Tricore\User\AICT_Mecanum.c" 152/37] condition is always true
ctc W549: ["..\src\AppSw\Tricore\User\AICT_Mecanum.c" 165/37] condition is always true
ctc W549: ["..\src\AppSw\Tricore\User\AICT_Mecanum.c" 178/36] condition is always true
0 errors, 8 warnings
Compiling IfxAsclin_cfg.c
Compiling IfxCcu6_cfg.c
Compiling IfxCif_cfg.c
Compiling IfxCpu_cfg.c
Compiling IfxDma_cfg.c
Compiling IfxEmem_cfg.c
Compiling IfxEray_cfg.c
Compiling IfxFlash_cfg.c
Compiling IfxGtm_cfg.c
Compiling IfxHssl_cfg.c
Compiling IfxI2c_cfg.c
Compiling IfxMsc_cfg.c
Compiling IfxMtu_cfg.c
Compiling IfxMultican_cfg.c
Compiling IfxPort_cfg.c
Compiling IfxPsi5_cfg.c
Compiling IfxQspi_cfg.c
Compiling IfxScu_cfg.c
Compiling IfxSent_cfg.c
Compiling IfxSmu_cfg.c
Compiling IfxSrc_cfg.c
Compiling IfxStm_cfg.c
Compiling IfxVadc_cfg.c
Compiling Ifx_CircularBuffer.asm.c
Compiling Ifx_CircularBuffer.c
Compiling Ifx_Fifo.c
Compiling Ifx_InternalMux.c
Compiling IfxAsclin_PinMap.c
Compiling IfxCcu6_PinMap.c
Compiling IfxCif_PinMap.c
Compiling IfxDsadc_PinMap.c
Compiling IfxEray_PinMap.c
Compiling IfxEth_PinMap.c
Compiling IfxGpt12_PinMap.c
Compiling IfxGtm_PinMap.c
Compiling IfxI2c_PinMap.c
Compiling IfxMsc_PinMap.c
Compiling IfxMultican_PinMap.c
Compiling IfxPort_PinMap.c
Compiling IfxPsi5_PinMap.c
Compiling IfxPsi5s_PinMap.c
Compiling IfxQspi_PinMap.c
Compiling IfxScu_PinMap.c
Compiling IfxSent_PinMap.c
Compiling IfxSmu_PinMap.c
Compiling IfxVadc_PinMap.c
Compiling IfxAsclin_Asc.c
Compiling IfxAsclin_Lin.c
Compiling IfxAsclin_Spi.c
Compiling IfxAsclin.c
Compiling IfxCcu6_Icu.c
Compiling IfxCcu6_PwmBc.c
Compiling IfxCcu6_PwmHl.c
Compiling IfxCcu6.c
Compiling IfxCcu6_Timer.c
Compiling IfxCcu6_TimerWithTrigger.c
Compiling IfxCcu6_TPwm.c
Compiling IfxCif_Cam.c
Compiling IfxCif.c
Compiling IfxCpu_CStart0.c
Compiling IfxCpu_CStart1.c
Compiling IfxCpu_Irq.c
Compiling IfxCpu.c
Compiling IfxCpu_Trap.c
Compiling IfxDma_Dma.c
Compiling IfxDma.c
Compiling IfxDsadc_Dsadc.c
Compiling IfxDsadc_Rdc.c
Compiling IfxDsadc.c
Compiling IfxDts_Dts.c
Compiling IfxDts.c
Compiling IfxEmem.c
Compiling IfxEray_Eray.c
Compiling IfxEray.c
Compiling IfxEth_Phy_Pef7071.c
Compiling IfxEth.c
Compiling IfxFce_Crc.c
Compiling IfxFce.c
Compiling IfxFft_Fft.c
Compiling IfxFft.c
Compiling IfxFlash.c
Compiling IfxGpt12_IncrEnc.c
Compiling IfxGpt12.c
Compiling IfxGtm_Atom_Pwm.c
Compiling IfxGtm_Atom_PwmHl.c
Compiling IfxGtm_Atom_Timer.c
Compiling IfxGtm.c
Compiling IfxGtm_Atom.c
Compiling IfxGtm_Cmu.c
Compiling IfxGtm_Dpll.c
Compiling IfxGtm_Tbu.c
Compiling IfxGtm_Tim.c
Compiling IfxGtm_Tom.c
Compiling IfxGtm_Tim_In.c
Compiling IfxGtm_Tom_Pwm.c
Compiling IfxGtm_Tom_PwmHl.c
Compiling IfxGtm_Tom_Timer.c
Compiling IfxGtm_Trig.c
Compiling IfxHssl_Hssl.c
Compiling IfxHssl.c
Compiling IfxI2c_I2c.c
Compiling IfxI2c.c
Compiling IfxIom_Driver.c
Compiling IfxIom.c
Compiling IfxMsc_Msc.c
Compiling IfxMsc.c
Compiling IfxMtu.c
Compiling IfxMultican_Can.c
Compiling IfxMultican.c
Compiling IfxPort_Io.c
Compiling IfxPort.c
Compiling IfxPsi5_Psi5.c
Compiling IfxPsi5.c
Compiling IfxPsi5s_Psi5s.c
Compiling IfxPsi5s.c
Compiling IfxQspi_SpiMaster.c
Compiling IfxQspi_SpiSlave.c
Compiling IfxQspi.c
Compiling IfxScuCcu.c
Compiling IfxScuEru.c
Compiling IfxScuWdt.c
Compiling IfxSent_Sent.c
Compiling IfxSent.c
Compiling IfxSmu.c
Compiling IfxSrc.c
Compiling IfxStm.c
Compiling IfxStm_Timer.c
Compiling IfxVadc_Adc.c
Compiling IfxVadc.c
Compiling CompilerDcc.c
Compiling CompilerGhs.c
Compiling CompilerGnuc.c
Compiling CompilerTasking.c
Compiling SpiIf.c
Compiling IfxStdIf_DPipe.c
Compiling IfxStdIf_Pos.c
Compiling IfxStdIf_PwmHl.c
Compiling IfxStdIf_Timer.c
Compiling Assert.c
Compiling Bsp.c
Compiling Ifx_Console.c
Compiling Ifx_Shell.c
Compiling Ifx_GlobalResources.c
Compiling Ifx_AngleTrkF32.c
Compiling Ifx_Cf32.c
Compiling Ifx_Crc.c
Compiling Ifx_FftF32.c
Compiling Ifx_FftF32_BitReverseTable.c
Compiling Ifx_FftF32_TwiddleTable.c
Compiling Ifx_IntegralF32.c
Compiling Ifx_LowPassPt1F32.c
Compiling Ifx_LutAtan2F32.c
Compiling Ifx_LutAtan2F32_Table.c
Compiling Ifx_LutLinearF32.c
Compiling Ifx_LutLSincosF32.c
Compiling Ifx_LutSincosF32.c
Compiling Ifx_LutSincosF32_Table.c
Compiling Ifx_RampF32.c
Compiling Ifx_WndF32_BlackmanHarrisTable.c
Compiling Ifx_WndF32_HannTable.c
Compiling Ifx_DateTime.c
Linking to AICT-1of LQ_TC26xB_LIBtasking0512.elf

Time consumed: 54445 ms
**** End of build ****

Tool info: 
TASKING VX-toolset for TriCore: control program v6.3r1 Build 19041558
TASKING VX-toolset for TriCore: object linker v6.3r1 Build 19041558 SN 99293038
TASKING VX-toolset for TriCore: C compiler v6.3r1 Build 19041558 SN 99293038
TASKING VX-toolset for TriCore: assembler v6.3r1 Build 19041558
TASKING program builder v6.3r1 Build 19041558
